LETS START THE TEST CASES
NODE DETAILS
JOB_ID=16887685
hostname=cpn-f13-04.core.ccr.buffalo.edu
ARCH=avx512
Mon Sep 30 04:16:59 PM UTC 2024
Architecture:                         x86_64
CPU op-mode(s):                       32-bit, 64-bit
Address sizes:                        46 bits physical, 57 bits virtual
Byte Order:                           Little Endian
CPU(s):                               64
On-line CPU(s) list:                  0-63
Vendor ID:                            GenuineIntel
Model name:                           Intel(R) Xeon(R) Gold 6448Y
CPU family:                           6
Model:                                143
Thread(s) per core:                   1
Core(s) per socket:                   32
Socket(s):                            2
Stepping:                             8
CPU max MHz:                          4100.0000
CPU min MHz:                          800.0000
BogoMIPS:                             4200.00
Flags:                                fpu vme de pse tsc msr pae mce cx8 apic sep mtrr pge mca cmov pat pse36 clflush dts acpi mmx fxsr sse sse2 ss ht tm pbe syscall nx pdpe1gb rdtscp lm constant_tsc art arch_perfmon pebs bts rep_good nopl xtopology nonstop_tsc cpuid aperfmperf tsc_known_freq pni pclmulqdq dtes64 monitor ds_cpl smx est tm2 ssse3 sdbg fma cx16 xtpr pdcm pcid dca sse4_1 sse4_2 x2apic movbe popcnt tsc_deadline_timer aes xsave avx f16c rdrand lahf_lm abm 3dnowprefetch cpuid_fault epb cat_l3 cat_l2 cdp_l3 cdp_l2 ssbd mba ibrs ibpb stibp ibrs_enhanced fsgsbase tsc_adjust bmi1 avx2 smep bmi2 erms invpcid cqm rdt_a avx512f avx512dq rdseed adx smap avx512ifma clflushopt clwb intel_pt avx512cd sha_ni avx512bw avx512vl xsaveopt xsavec xgetbv1 xsaves cqm_llc cqm_occup_llc cqm_mbm_total cqm_mbm_local split_lock_detect user_shstk avx_vnni avx512_bf16 wbnoinvd dtherm ida arat pln pts hfi avx512vbmi umip pku ospke waitpkg avx512_vbmi2 gfni vaes vpclmulqdq avx512_vnni avx512_bitalg tme avx512_vpopcntdq la57 rdpid bus_lock_detect cldemote movdiri movdir64b enqcmd fsrm md_clear serialize tsxldtrk pconfig arch_lbr ibt amx_bf16 avx512_fp16 amx_tile amx_int8 flush_l1d arch_capabilities
L1d cache:                            3 MiB (64 instances)
L1i cache:                            2 MiB (64 instances)
L2 cache:                             128 MiB (64 instances)
L3 cache:                             120 MiB (2 instances)
NUMA node(s):                         2
NUMA node0 CPU(s):                    0,2,4,6,8,10,12,14,16,18,20,22,24,26,28,30,32,34,36,38,40,42,44,46,48,50,52,54,56,58,60,62
NUMA node1 CPU(s):                    1,3,5,7,9,11,13,15,17,19,21,23,25,27,29,31,33,35,37,39,41,43,45,47,49,51,53,55,57,59,61,63
Vulnerability Gather data sampling:   Not affected
Vulnerability Itlb multihit:          Not affected
Vulnerability L1tf:                   Not affected
Vulnerability Mds:                    Not affected
Vulnerability Meltdown:               Not affected
Vulnerability Mmio stale data:        Not affected
Vulnerability Reg file data sampling: Not affected
Vulnerability Retbleed:               Not affected
Vulnerability Spec rstack overflow:   Not affected
Vulnerability Spec store bypass:      Mitigation; Speculative Store Bypass disabled via prctl
Vulnerability Spectre v1:             Mitigation; usercopy/swapgs barriers and __user pointer sanitization
Vulnerability Spectre v2:             Mitigation; Enhanced / Automatic IBRS; IBPB conditional; RSB filling; PBRSB-eIBRS SW sequence; BHI BHI_DIS_S
Vulnerability Srbds:                  Not affected
Vulnerability Tsx async abort:        Not affected
Running Test Cases
++++ n=32000 p=1 k=31999 ++++
6.09158
++++ n=32000 p=2 k=31999 ++++
3.08108
++++ n=32000 p=4 k=31999 ++++
1.54175
++++ n=32000 p=8 k=31999 ++++
0.772267
++++ n=32000 p=16 k=31999 ++++
0.388739
++++ n=32000 p=32 k=31999 ++++
0.198428
++++ n=64000 p=1 k=63999 ++++
24.0831
++++ n=64000 p=2 k=63999 ++++
12.3029
++++ n=64000 p=4 k=63999 ++++
6.15673
++++ n=64000 p=8 k=63999 ++++
3.06992
++++ n=64000 p=16 k=63999 ++++
1.54326
++++ n=64000 p=32 k=63999 ++++
0.771596
++++ n=128000 p=1 k=127999 ++++
96.7398
++++ n=128000 p=2 k=127999 ++++
48.9406
++++ n=128000 p=4 k=127999 ++++
24.4729
++++ n=128000 p=8 k=127999 ++++
12.283
++++ n=128000 p=16 k=127999 ++++
6.15934
++++ n=128000 p=32 k=127999 ++++
3.08285
++++ n=256000 p=1 k=255999 ++++
385.357
++++ n=256000 p=2 k=255999 ++++
195.456
++++ n=256000 p=4 k=255999 ++++
97.472
++++ n=256000 p=8 k=255999 ++++
48.9763
++++ n=256000 p=16 k=255999 ++++
24.5149
++++ n=256000 p=32 k=255999 ++++
12.3052
++++ n=512000 p=1 k=511999 ++++
1537.12
++++ n=512000 p=2 k=511999 ++++
778.643
++++ n=512000 p=4 k=511999 ++++
388.079
++++ n=512000 p=8 k=511999 ++++
195.423
++++ n=512000 p=16 k=511999 ++++
98.1537
++++ n=512000 p=32 k=511999 ++++
49.148
++++ n=1024000 p=1 k=1023999 ++++
6157.36
++++ n=1024000 p=2 k=1023999 ++++
3127.9
++++ n=1024000 p=4 k=1023999 ++++
1556.53
++++ n=1024000 p=8 k=1023999 ++++
782.859
++++ n=1024000 p=16 k=1023999 ++++
392.098
++++ n=1024000 p=32 k=1023999 ++++
196.389
ALL Done
