LETS START THE TEST CASES
NODE DETAILS
Architecture:                         x86_64
CPU op-mode(s):                       32-bit, 64-bit
Address sizes:                        46 bits physical, 57 bits virtual
Byte Order:                           Little Endian
CPU(s):                               56
On-line CPU(s) list:                  0-55
Vendor ID:                            GenuineIntel
Model name:                           Intel(R) Xeon(R) Gold 6330 CPU @ 2.00GHz
CPU family:                           6
Model:                                106
Thread(s) per core:                   1
Core(s) per socket:                   28
Socket(s):                            2
Stepping:                             6
CPU max MHz:                          3100.0000
CPU min MHz:                          800.0000
BogoMIPS:                             4000.00
Flags:                                fpu vme de pse tsc msr pae mce cx8 apic sep mtrr pge mca cmov pat pse36 clflush dts acpi mmx fxsr sse sse2 ss ht tm pbe syscall nx pdpe1gb rdtscp lm constant_tsc art arch_perfmon pebs bts rep_good nopl xtopology nonstop_tsc cpuid aperfmperf pni pclmulqdq dtes64 monitor ds_cpl smx est tm2 ssse3 sdbg fma cx16 xtpr pdcm pcid dca sse4_1 sse4_2 x2apic movbe popcnt tsc_deadline_timer aes xsave avx f16c rdrand lahf_lm abm 3dnowprefetch cpuid_fault epb cat_l3 intel_ppin ssbd mba ibrs ibpb stibp ibrs_enhanced fsgsbase tsc_adjust bmi1 avx2 smep bmi2 erms invpcid cqm rdt_a avx512f avx512dq rdseed adx smap avx512ifma clflushopt clwb intel_pt avx512cd sha_ni avx512bw avx512vl xsaveopt xsavec xgetbv1 xsaves cqm_llc cqm_occup_llc cqm_mbm_total cqm_mbm_local split_lock_detect wbnoinvd dtherm ida arat pln pts avx512vbmi umip pku ospke avx512_vbmi2 gfni vaes vpclmulqdq avx512_vnni avx512_bitalg tme avx512_vpopcntdq la57 rdpid fsrm md_clear pconfig flush_l1d arch_capabilities
L1d cache:                            2.6 MiB (56 instances)
L1i cache:                            1.8 MiB (56 instances)
L2 cache:                             70 MiB (56 instances)
L3 cache:                             84 MiB (2 instances)
NUMA node(s):                         2
NUMA node0 CPU(s):                    0,2,4,6,8,10,12,14,16,18,20,22,24,26,28,30,32,34,36,38,40,42,44,46,48,50,52,54
NUMA node1 CPU(s):                    1,3,5,7,9,11,13,15,17,19,21,23,25,27,29,31,33,35,37,39,41,43,45,47,49,51,53,55
Vulnerability Gather data sampling:   Mitigation; Microcode
Vulnerability Itlb multihit:          Not affected
Vulnerability L1tf:                   Not affected
Vulnerability Mds:                    Not affected
Vulnerability Meltdown:               Not affected
Vulnerability Mmio stale data:        Mitigation; Clear CPU buffers; SMT disabled
Vulnerability Reg file data sampling: Not affected
Vulnerability Retbleed:               Not affected
Vulnerability Spec rstack overflow:   Not affected
Vulnerability Spec store bypass:      Mitigation; Speculative Store Bypass disabled via prctl
Vulnerability Spectre v1:             Mitigation; usercopy/swapgs barriers and __user pointer sanitization
Vulnerability Spectre v2:             Mitigation; Enhanced / Automatic IBRS; IBPB conditional; RSB filling; PBRSB-eIBRS SW sequence; BHI SW loop, KVM SW loop
Vulnerability Srbds:                  Not affected
Vulnerability Tsx async abort:        Not affected
Running Test Cases
++++ n=30000 p=1 k=29999 ++++
6.26172
++++ n=30000 p=2 k=29999 ++++
3.13477
++++ n=30000 p=4 k=29999 ++++
1.56983
++++ n=30000 p=8 k=29999 ++++
0.787325
++++ n=30000 p=16 k=29999 ++++
0.397841
++++ n=30000 p=32 k=29999 ++++
0.200422
++++ n=60000 p=1 k=59999 ++++
25.0372
++++ n=60000 p=2 k=59999 ++++
12.5261
++++ n=60000 p=4 k=59999 ++++
6.26595
++++ n=60000 p=8 k=59999 ++++
3.13537
++++ n=60000 p=16 k=59999 ++++
1.57126
++++ n=60000 p=32 k=59999 ++++
0.787495
++++ n=120000 p=1 k=119999 ++++
100.154
++++ n=120000 p=2 k=119999 ++++
50.0953
++++ n=120000 p=4 k=119999 ++++
25.0559
++++ n=120000 p=8 k=119999 ++++
12.5327
++++ n=120000 p=16 k=119999 ++++
6.3147
++++ n=120000 p=32 k=119999 ++++
3.14866
++++ n=240000 p=1 k=239999 ++++
400.69
++++ n=240000 p=2 k=239999 ++++
200.443
++++ n=240000 p=4 k=239999 ++++
100.248
++++ n=240000 p=8 k=239999 ++++
50.1412
++++ n=240000 p=16 k=239999 ++++
25.0937
++++ n=240000 p=32 k=239999 ++++
12.5431
++++ n=480000 p=1 k=479999 ++++
1602.89
++++ n=480000 p=2 k=479999 ++++
801.772
++++ n=480000 p=4 k=479999 ++++
401.027
++++ n=480000 p=8 k=479999 ++++
200.596
++++ n=480000 p=16 k=479999 ++++
100.305
++++ n=480000 p=32 k=479999 ++++
50.161
++++ n=960000 p=1 k=959999 ++++
6411.72
++++ n=960000 p=2 k=959999 ++++
3207.26
++++ n=960000 p=4 k=959999 ++++
1604.44
++++ n=960000 p=8 k=959999 ++++
802.44
++++ n=960000 p=16 k=959999 ++++
401.317
++++ n=960000 p=32 k=959999 ++++
200.728
ALL Done
