LETS START THE TEST CASES
NODE DETAILS
JOB_ID=17167165
NUMBER OF TASKS PER NODE=4(x8)
hostname=cpn-f10-04.core.ccr.buffalo.edu
ARCH=avx512
Sun Dec  8 11:47:32 PM UTC 2024
=========================== Test Case 1 ==================================
++++ n=10000000 ++++
0.00835738
++++ n=160000000 ++++
0.132117
++++ n=320000000 ++++
0.263452
++++ n=640000000 ++++
0.519678
++++ n=1280000000 ++++
1.04248
=========================== Test Case 2 ==================================
++++ n=5000 ++++
0.00108987
++++ n=80000 ++++
0.00124299
++++ n=160000 ++++
0.00129435
++++ n=320000 ++++
0.00148921
++++ n=640000 ++++
0.00166504
=========================== Test Case 3 ==================================
++++ n=20000 ++++
0.00117399
++++ n=320000 ++++
0.00149702
++++ n=640000 ++++
0.0016288
++++ n=320000 ++++
0.00142577
++++ n=640000 ++++
0.00160529
=========================== Test Case 3 ==================================
++++ n=400 ++++
0.0011112
++++ n=6400 ++++
0.00111509
++++ n=12800 ++++
0.00111527
++++ n=25600 ++++
0.00114335
++++ n=51200 ++++
0.0012118
=========================== THE END ==================================
