LETS START THE TEST CASES
NODE DETAILS
JOB_ID=17167166
NUMBER OF TASKS PER NODE=8(x8)
hostname=cpn-f10-13.core.ccr.buffalo.edu
ARCH=avx512
Sun Dec  8 11:49:32 PM UTC 2024
=========================== Test Case 1 ==================================
++++ n=10000000 ++++
0.00516979
++++ n=160000000 ++++
0.0658466
++++ n=320000000 ++++
0.129822
++++ n=640000000 ++++
0.259313
++++ n=1280000000 ++++
0.509849
=========================== Test Case 2 ==================================
++++ n=5000 ++++
0.00149408
++++ n=80000 ++++
0.00169662
++++ n=160000 ++++
0.00162687
++++ n=320000 ++++
0.00172987
++++ n=640000 ++++
0.00231145
=========================== Test Case 3 ==================================
++++ n=20000 ++++
0.00152825
++++ n=320000 ++++
0.00170222
++++ n=640000 ++++
0.00179498
++++ n=320000 ++++
0.00166589
++++ n=640000 ++++
0.00180113
=========================== Test Case 3 ==================================
++++ n=400 ++++
0.00197058
++++ n=6400 ++++
0.00152272
++++ n=12800 ++++
0.00157792
++++ n=25600 ++++
0.00151343
++++ n=51200 ++++
0.0015955
=========================== THE END ==================================
