LETS START THE TEST CASES
NODE DETAILS
JOB_ID=17167164
NUMBER OF TASKS PER NODE=2(x8)
hostname=cpn-f10-13.core.ccr.buffalo.edu
ARCH=avx512
Sun Dec  8 11:47:32 PM UTC 2024
=========================== Test Case 1 ==================================
++++ n=10000000 ++++
0.0158068
++++ n=160000000 ++++
0.251104
++++ n=320000000 ++++
0.499836
++++ n=640000000 ++++
0.998953
++++ n=1280000000 ++++
1.99522
=========================== Test Case 2 ==================================
++++ n=5000 ++++
0.00121498
++++ n=80000 ++++
0.00128306
++++ n=160000 ++++
0.00194903
++++ n=320000 ++++
0.00171584
++++ n=640000 ++++
0.00204221
=========================== Test Case 3 ==================================
++++ n=20000 ++++
0.00148401
++++ n=320000 ++++
0.00175325
++++ n=640000 ++++
0.0021467
++++ n=320000 ++++
0.00180469
++++ n=640000 ++++
0.00213117
=========================== Test Case 3 ==================================
++++ n=400 ++++
0.00120499
++++ n=6400 ++++
0.00114556
++++ n=12800 ++++
0.00115889
++++ n=25600 ++++
0.00163115
++++ n=51200 ++++
0.00126043
=========================== THE END ==================================
