LETS START THE TEST CASES
NODE DETAILS
JOB_ID=17167167
NUMBER OF TASKS PER NODE=16(x8)
hostname=cpn-f10-04.core.ccr.buffalo.edu
ARCH=avx512
Sun Dec  8 11:49:32 PM UTC 2024
=========================== Test Case 1 ==================================
++++ n=10000000 ++++
0.00375179
++++ n=160000000 ++++
0.0360321
++++ n=320000000 ++++
0.0658156
++++ n=640000000 ++++
0.135098
++++ n=1280000000 ++++
0.271325
=========================== Test Case 2 ==================================
++++ n=5000 ++++
0.00168185
++++ n=80000 ++++
0.00175185
++++ n=160000 ++++
0.00172206
++++ n=320000 ++++
0.00173508
++++ n=640000 ++++
0.00178473
=========================== Test Case 3 ==================================
++++ n=20000 ++++
0.00164651
++++ n=320000 ++++
0.00174235
++++ n=640000 ++++
0.00176221
++++ n=320000 ++++
0.00177498
++++ n=640000 ++++
0.00180193
=========================== Test Case 3 ==================================
++++ n=400 ++++
0.00171896
++++ n=6400 ++++
0.00171447
++++ n=12800 ++++
0.0016197
++++ n=25600 ++++
0.00160007
++++ n=51200 ++++
0.00176457
=========================== THE END ==================================
