LETS START THE TEST CASES
NODE DETAILS
JOB_ID=17167163
NUMBER OF TASKS PER NODE=1
hostname=cpn-f10-25.core.ccr.buffalo.edu
ARCH=avx512
Sun Dec  8 11:47:32 PM UTC 2024
=========================== Test Case 1 ==================================
++++ n=10000000 ++++
0.0152988
++++ n=160000000 ++++
0.225135
++++ n=320000000 ++++
0.448639
++++ n=640000000 ++++
0.895514
++++ n=1280000000 ++++
1.79503
=========================== Test Case 2 ==================================
++++ n=5000 ++++
0.000561981
++++ n=80000 ++++
0.000681464
++++ n=160000 ++++
0.000780402
++++ n=320000 ++++
0.00105284
++++ n=640000 ++++
0.0014159
=========================== Test Case 3 ==================================
++++ n=20000 ++++
0.00057133
++++ n=320000 ++++
0.00149735
++++ n=640000 ++++
0.00139684
++++ n=320000 ++++
0.00102725
++++ n=640000 ++++
0.00145385
=========================== Test Case 3 ==================================
++++ n=400 ++++
0.000561558
++++ n=6400 ++++
0.000558883
++++ n=12800 ++++
0.000634392
++++ n=25600 ++++
0.000606834
++++ n=51200 ++++
0.000630415
=========================== THE END ==================================
