LETS START THE TEST CASES
NODE DETAILS
JOB_ID=17157581
hostname=cpn-v12-03.core.ccr.buffalo.edu
ARCH=avx512
Wed Dec  4 06:06:32 PM UTC 2024
Architecture:                         x86_64
CPU op-mode(s):                       32-bit, 64-bit
Address sizes:                        46 bits physical, 48 bits virtual
Byte Order:                           Little Endian
CPU(s):                               32
On-line CPU(s) list:                  0-31
Vendor ID:                            GenuineIntel
Model name:                           Intel(R) Xeon(R) Gold 6130 CPU @ 2.10GHz
CPU family:                           6
Model:                                85
Thread(s) per core:                   1
Core(s) per socket:                   16
Socket(s):                            2
Stepping:                             4
CPU max MHz:                          3700.0000
CPU min MHz:                          1000.0000
BogoMIPS:                             4200.00
Flags:                                fpu vme de pse tsc msr pae mce cx8 apic sep mtrr pge mca cmov pat pse36 clflush dts acpi mmx fxsr sse sse2 ss ht tm pbe syscall nx pdpe1gb rdtscp lm constant_tsc art arch_perfmon pebs bts rep_good nopl xtopology nonstop_tsc cpuid aperfmperf pni pclmulqdq dtes64 monitor ds_cpl smx est tm2 ssse3 sdbg fma cx16 xtpr pdcm pcid dca sse4_1 sse4_2 x2apic movbe popcnt tsc_deadline_timer aes xsave avx f16c rdrand lahf_lm abm 3dnowprefetch cpuid_fault epb cat_l3 cdp_l3 pti intel_ppin ssbd mba ibrs ibpb stibp fsgsbase tsc_adjust bmi1 hle avx2 smep bmi2 erms invpcid rtm cqm mpx rdt_a avx512f avx512dq rdseed adx smap clflushopt clwb intel_pt avx512cd avx512bw avx512vl xsaveopt xsavec xgetbv1 xsaves cqm_llc cqm_occup_llc cqm_mbm_total cqm_mbm_local dtherm ida arat pln pts pku ospke md_clear flush_l1d arch_capabilities
L1d cache:                            1 MiB (32 instances)
L1i cache:                            1 MiB (32 instances)
L2 cache:                             32 MiB (32 instances)
L3 cache:                             44 MiB (2 instances)
NUMA node(s):                         2
NUMA node0 CPU(s):                    0,2,4,6,8,10,12,14,16,18,20,22,24,26,28,30
NUMA node1 CPU(s):                    1,3,5,7,9,11,13,15,17,19,21,23,25,27,29,31
Vulnerability Gather data sampling:   Mitigation; Microcode
Vulnerability Itlb multihit:          KVM: Mitigation: VMX unsupported
Vulnerability L1tf:                   Mitigation; PTE Inversion
Vulnerability Mds:                    Mitigation; Clear CPU buffers; SMT disabled
Vulnerability Meltdown:               Mitigation; PTI
Vulnerability Mmio stale data:        Mitigation; Clear CPU buffers; SMT disabled
Vulnerability Reg file data sampling: Not affected
Vulnerability Retbleed:               Mitigation; IBRS
Vulnerability Spec rstack overflow:   Not affected
Vulnerability Spec store bypass:      Mitigation; Speculative Store Bypass disabled via prctl
Vulnerability Spectre v1:             Mitigation; usercopy/swapgs barriers and __user pointer sanitization
Vulnerability Spectre v2:             Mitigation; IBRS; IBPB conditional; RSB filling; PBRSB-eIBRS Not affected; BHI Not affected
Vulnerability Srbds:                  Not affected
Vulnerability Tsx async abort:        Mitigation; Clear CPU buffers; SMT disabled
Wed Dec  4 13:06:32 2024       
+---------------------------------------------------------------------------------------+
| NVIDIA-SMI 535.216.01             Driver Version: 535.216.01   CUDA Version: 12.2     |
|-----------------------------------------+----------------------+----------------------+
| GPU  Name                 Persistence-M | Bus-Id        Disp.A | Volatile Uncorr. ECC |
| Fan  Temp   Perf          Pwr:Usage/Cap |         Memory-Usage | GPU-Util  Compute M. |
|                                         |                      |               MIG M. |
|=========================================+======================+======================|
|   0  Tesla V100-PCIE-16GB           On  | 00000000:3B:00.0 Off |                    0 |
| N/A   27C    P0              24W / 250W |      0MiB / 16384MiB |      0%      Default |
|                                         |                      |                  N/A |
+-----------------------------------------+----------------------+----------------------+
|   1  Tesla V100-PCIE-16GB           On  | 00000000:D8:00.0 Off |                    0 |
| N/A   29C    P0              24W / 250W |      0MiB / 16384MiB |      0%      Default |
|                                         |                      |                  N/A |
+-----------------------------------------+----------------------+----------------------+
                                                                                         
+---------------------------------------------------------------------------------------+
| Processes:                                                                            |
|  GPU   GI   CI        PID   Type   Process name                            GPU Memory |
|        ID   ID                                                             Usage      |
|=======================================================================================|
|  No running processes found                                                           |
+---------------------------------------------------------------------------------------+
=========================== Test Case 1 ==================================
++++ n=500 GPU h=0.1 ++++
0.478754
++++ n=500 GPU h=0.3 ++++
0.195395
++++ n=500 GPU h=0.5 ++++
0.15896
++++ n=500 GPU h=0.8 ++++
0.154191
++++ n=500 GPU h=0.9 ++++
0.154335
++++ n=500 h=0.1 ++++
0.00430661
++++ n=500 h=0.3 ++++
0.00334222
++++ n=500 h=0.5 ++++
0.00302705
++++ n=500 h=0.8 ++++
0.00296347
++++ n=500 h=0.9 ++++
0.00285632
=========================== Test Case 2 ==================================
++++ n=10000 GPU h=0.1 ++++
0.16632
++++ n=10000 GPU h=0.3 ++++
0.162336
++++ n=10000 GPU h=0.5 ++++
0.161049
++++ n=10000 GPU h=0.8 ++++
0.159347
++++ n=10000 GPU h=0.9 ++++
0.159009
++++ n=10000 h=0.1 ++++
1.61278
++++ n=10000 h=0.3 ++++
1.18474
++++ n=10000 h=0.5 ++++
1.05412
++++ n=10000 h=0.8 ++++
1.01163
++++ n=10000 h=0.9 ++++
1.00419
=========================== Test Case 3 ==================================
++++ n=500000 GPU h=0.1 ++++
3.04834
++++ n=500000 GPU h=0.3 ++++
2.40489
++++ n=500000 GPU h=0.5 ++++
1.9636
++++ n=500000 GPU h=0.8 ++++
1.63396
++++ n=500000 GPU h=0.9 ++++
1.57306
++++ n=500000 h=0.1 ++++
3994.5
++++ n=500000 h=0.3 ++++
2987.69
++++ n=500000 h=0.5 ++++
2658.86
++++ n=500000 h=0.8 ++++
2513.07
++++ n=500000 h=0.9 ++++
2485.15
=========================== Test Case 4 ==================================
++++ n=1000000 GPU h=0.1 ++++
10.7351
++++ n=1000000 GPU h=0.3 ++++
8.44585
++++ n=1000000 GPU h=0.5 ++++
6.79993
++++ n=1000000 GPU h=0.8 ++++
5.62044
++++ n=1000000 GPU h=0.9 ++++
5.37147
++++ n=1000000 h=0.1 ++++
15968.3
++++ n=1000000 h=0.3 ++++
11809.9
++++ n=1000000 h=0.5 ++++
10646.7
++++ n=1000000 h=0.8 ++++
10044.3
++++ n=1000000 h=0.9 ++++
9946.97
=========================== Test Case 5 ==================================
++++ n=64000000 GPU h=0.1 ++++
40179.7
++++ n=64000000 GPU h=0.3 ++++
31605.1
++++ n=64000000 GPU h=0.5 ++++
25030.4
++++ n=64000000 GPU h=0.8 ++++
20361.5
++++ n=64000000 GPU h=0.9 ++++
19612.2
++++ n=64000000 h=0.1 ++++
slurmstepd: error: *** JOB 17157581 ON cpn-v12-03 CANCELLED AT 2024-12-07T13:06:58 DUE TO TIME LIMIT ***
