++++ n=100000 ++++
0.000921466
++++ n=400000 ++++
0.00101525
++++ n=1600000 ++++
0.00288101
++++ n=6400000 ++++
0.0106752
++++ n=25600000 ++++
0.0433253
++++ n=102400000 ++++
0.172901
++++ n=409600000 ++++
0.687534
++++ n=1638400000 ++++
2.73701
++++ n=6553600000 ++++
terminate called after throwing an instance of 'std::length_error'
  what():  vector::_M_default_append

===================================================================================
=   BAD TERMINATION OF ONE OF YOUR APPLICATION PROCESSES
=   RANK 0 PID 24103 RUNNING AT cpn-m24-07
=   KILLED BY SIGNAL: 6 (Aborted)
===================================================================================
